  [1m[36m (1.7ms)[0m  [1mCREATE TABLE "schema_migrations" ("version" varchar NOT NULL) [0m
  [1m[35m (0.1ms)[0m  select sqlite_version(*)
  [1m[36m (1.6ms)[0m  [1mCREATE UNIQUE INDEX "unique_schema_migrations" ON "schema_migrations" ("version")[0m
  [1m[35mActiveRecord::SchemaMigration Load (0.1ms)[0m  SELECT "schema_migrations".* FROM "schema_migrations"


Started GET "/" for ::1 at 2015-11-17 17:47:54 -0600
Processing by Rails::WelcomeController#index as HTML
  Rendered /Users/admin/.rvm/gems/ruby-2.1.2/gems/railties-4.2.3/lib/rails/templates/rails/welcome/index.html.erb (2.8ms)
Completed 200 OK in 27ms (Views: 19.4ms | ActiveRecord: 0.0ms)
  [1m[36mActiveRecord::SchemaMigration Load (0.1ms)[0m  [1mSELECT "schema_migrations".* FROM "schema_migrations"[0m
Migrating to CreateStudents (1)
  [1m[35m (0.1ms)[0m  begin transaction
  [1m[36m (0.4ms)[0m  [1mCREATE TABLE "students" ("id" INTEGER PRIMARY KEY AUTOINCREMENT NOT NULL, "first_name" varchar, "last_name" varchar, "created_at" datetime NOT NULL, "updated_at" datetime NOT NULL) [0m
  [1m[35mSQL (0.3ms)[0m  INSERT INTO "schema_migrations" ("version") VALUES (?)  [["version", "1"]]
  [1m[36m (1.4ms)[0m  [1mcommit transaction[0m
  [1m[35mActiveRecord::SchemaMigration Load (0.1ms)[0m  SELECT "schema_migrations".* FROM "schema_migrations"
  [1m[36m (0.1ms)[0m  [1mbegin transaction[0m
  [1m[35mSQL (0.3ms)[0m  INSERT INTO "students" ("first_name", "last_name", "created_at", "updated_at") VALUES (?, ?, ?, ?)  [["first_name", "Jordan"], ["last_name", "Hudgens"], ["created_at", "2015-11-18 00:10:55.545365"], ["updated_at", "2015-11-18 00:10:55.545365"]]
  [1m[36m (2.9ms)[0m  [1mcommit transaction[0m
  [1m[35mStudent Load (0.2ms)[0m  SELECT  "students".* FROM "students"  ORDER BY "students"."id" DESC LIMIT 1
  [1m[36m (0.1ms)[0m  [1mbegin transaction[0m
  [1m[35mSQL (0.3ms)[0m  INSERT INTO "students" ("created_at", "updated_at") VALUES (?, ?)  [["created_at", "2015-11-18 00:17:49.095449"], ["updated_at", "2015-11-18 00:17:49.095449"]]
  [1m[36m (1.2ms)[0m  [1mcommit transaction[0m
  [1m[35mStudent Load (0.2ms)[0m  SELECT  "students".* FROM "students"  ORDER BY "students"."id" DESC LIMIT 1
  [1m[36mActiveRecord::SchemaMigration Load (0.1ms)[0m  [1mSELECT "schema_migrations".* FROM "schema_migrations"[0m
  [1m[35mActiveRecord::SchemaMigration Load (0.1ms)[0m  SELECT "schema_migrations".* FROM "schema_migrations"


Started GET "/" for ::1 at 2015-11-18 13:36:42 -0600
  [1m[36mActiveRecord::SchemaMigration Load (0.1ms)[0m  [1mSELECT "schema_migrations".* FROM "schema_migrations"[0m
Processing by Rails::WelcomeController#index as HTML
  Rendered /Users/admin/.rvm/gems/ruby-2.1.2/gems/railties-4.2.3/lib/rails/templates/rails/welcome/index.html.erb (2.4ms)
Completed 200 OK in 39ms (Views: 24.5ms | ActiveRecord: 0.0ms)


Started GET "/" for ::1 at 2015-11-18 13:37:10 -0600
Processing by Rails::WelcomeController#index as HTML
  Rendered /Users/admin/.rvm/gems/ruby-2.1.2/gems/railties-4.2.3/lib/rails/templates/rails/welcome/index.html.erb (0.0ms)
Completed 200 OK in 1ms (Views: 0.7ms | ActiveRecord: 0.0ms)
  [1m[36mActiveRecord::SchemaMigration Load (0.1ms)[0m  [1mSELECT "schema_migrations".* FROM "schema_migrations"[0m
  [1m[35mActiveRecord::SchemaMigration Load (0.1ms)[0m  SELECT "schema_migrations".* FROM "schema_migrations"


Started GET "/" for ::1 at 2018-12-17 09:19:05 +0000

ActiveRecord::PendingMigrationError (

Migrations are pending. To resolve this issue, run:

	bin/rake db:migrate RAILS_ENV=development

):
  activerecord (4.2.10) lib/active_record/migration.rb:392:in `check_pending!'
  activerecord (4.2.10) lib/active_record/migration.rb:373:in `call'
  actionpack (4.2.10) lib/action_dispatch/middleware/callbacks.rb:29:in `block in call'
  activesupport (4.2.10) lib/active_support/callbacks.rb:88:in `__run_callbacks__'
  activesupport (4.2.10) lib/active_support/callbacks.rb:778:in `_run_call_callbacks'
  activesupport (4.2.10) lib/active_support/callbacks.rb:81:in `run_callbacks'
  actionpack (4.2.10) lib/action_dispatch/middleware/callbacks.rb:27:in `call'
  actionpack (4.2.10) lib/action_dispatch/middleware/reloader.rb:73:in `call'
  actionpack (4.2.10) lib/action_dispatch/middleware/remote_ip.rb:78:in `call'
  actionpack (4.2.10) lib/action_dispatch/middleware/debug_exceptions.rb:17:in `call'
  actionpack (4.2.10) lib/action_dispatch/middleware/show_exceptions.rb:30:in `call'
  railties (4.2.10) lib/rails/rack/logger.rb:38:in `call_app'
  railties (4.2.10) lib/rails/rack/logger.rb:20:in `block in call'
  activesupport (4.2.10) lib/active_support/tagged_logging.rb:68:in `block in tagged'
  activesupport (4.2.10) lib/active_support/tagged_logging.rb:26:in `tagged'
  activesupport (4.2.10) lib/active_support/tagged_logging.rb:68:in `tagged'
  railties (4.2.10) lib/rails/rack/logger.rb:20:in `call'
  actionpack (4.2.10) lib/action_dispatch/middleware/request_id.rb:21:in `call'
  rack (1.6.8) lib/rack/methodoverride.rb:22:in `call'
  rack (1.6.8) lib/rack/runtime.rb:18:in `call'
  activesupport (4.2.10) lib/active_support/cache/strategy/local_cache_middleware.rb:28:in `call'
  rack (1.6.8) lib/rack/lock.rb:17:in `call'
  actionpack (4.2.10) lib/action_dispatch/middleware/static.rb:120:in `call'
  rack (1.6.8) lib/rack/sendfile.rb:113:in `call'
  railties (4.2.10) lib/rails/engine.rb:518:in `call'
  railties (4.2.10) lib/rails/application.rb:165:in `call'
  rack (1.6.8) lib/rack/lock.rb:17:in `call'
  rack (1.6.8) lib/rack/content_length.rb:15:in `call'
  rack (1.6.8) lib/rack/handler/webrick.rb:88:in `service'
  /Users/sutty/.rvm/rubies/ruby-2.3.3/lib/ruby/2.3.0/webrick/httpserver.rb:140:in `service'
  /Users/sutty/.rvm/rubies/ruby-2.3.3/lib/ruby/2.3.0/webrick/httpserver.rb:96:in `run'
  /Users/sutty/.rvm/rubies/ruby-2.3.3/lib/ruby/2.3.0/webrick/server.rb:296:in `block in start_thread'


  [1m[36m (3.0ms)[0m  [1mCREATE TABLE "schema_migrations" ("version" varchar NOT NULL) [0m
  [1m[35m (0.4ms)[0m  select sqlite_version(*)
  [1m[36m (1.4ms)[0m  [1mCREATE UNIQUE INDEX "unique_schema_migrations" ON "schema_migrations" ("version")[0m
  [1m[35mActiveRecord::SchemaMigration Load (0.1ms)[0m  SELECT "schema_migrations".* FROM "schema_migrations"
Migrating to CreateStudents (1)
  [1m[36m (0.2ms)[0m  [1mbegin transaction[0m
  [1m[35m (0.5ms)[0m  CREATE TABLE "students" ("id" INTEGER PRIMARY KEY AUTOINCREMENT NOT NULL, "first_name" varchar, "last_name" varchar, "created_at" datetime NOT NULL, "updated_at" datetime NOT NULL) 
  [1m[36mSQL (0.6ms)[0m  [1mINSERT INTO "schema_migrations" ("version") VALUES (?)[0m  [["version", "1"]]
  [1m[35m (1.2ms)[0m  commit transaction
  [1m[36mActiveRecord::SchemaMigration Load (0.2ms)[0m  [1mSELECT "schema_migrations".* FROM "schema_migrations"[0m


Started GET "/" for ::1 at 2018-12-17 09:23:35 +0000
  [1m[36mActiveRecord::SchemaMigration Load (0.1ms)[0m  [1mSELECT "schema_migrations".* FROM "schema_migrations"[0m
Processing by Rails::WelcomeController#index as HTML
Completed 500 Internal Server Error in 30ms (ActiveRecord: 0.0ms)

ActionView::MissingTemplate (Missing template rails/welcome/index, rails/application/index with {:locale=>[:en], :formats=>[:html], :variants=>[], :handlers=>[:erb, :builder, :raw, :ruby, :coffee, :jbuilder]}. Searched in:
  * "/Users/sutty/.rvm/gems/ruby-2.3.3/gems/railties-4.2.10/lib/rails/templates"
):
  actionview (4.2.10) lib/action_view/path_set.rb:46:in `find'
  actionview (4.2.10) lib/action_view/lookup_context.rb:121:in `find'
  actionview (4.2.10) lib/action_view/renderer/abstract_renderer.rb:18:in `find_template'
  actionview (4.2.10) lib/action_view/renderer/template_renderer.rb:40:in `determine_template'
  actionview (4.2.10) lib/action_view/renderer/template_renderer.rb:8:in `render'
  actionview (4.2.10) lib/action_view/renderer/renderer.rb:46:in `render_template'
  actionview (4.2.10) lib/action_view/renderer/renderer.rb:27:in `render'
  actionview (4.2.10) lib/action_view/rendering.rb:100:in `_render_template'
  actionpack (4.2.10) lib/action_controller/metal/streaming.rb:217:in `_render_template'
  actionview (4.2.10) lib/action_view/rendering.rb:83:in `render_to_body'
  actionpack (4.2.10) lib/action_controller/metal/rendering.rb:32:in `render_to_body'
  actionpack (4.2.10) lib/action_controller/metal/renderers.rb:37:in `render_to_body'
  actionpack (4.2.10) lib/abstract_controller/rendering.rb:25:in `render'
  actionpack (4.2.10) lib/action_controller/metal/rendering.rb:16:in `render'
  actionpack (4.2.10) lib/action_controller/metal/instrumentation.rb:44:in `block (2 levels) in render'
  /Users/Sutty/.rvm/gems/ruby-2.3.3/gems/activesupport-4.2.10/lib/active_support/core_ext/benchmark.rb:12:in `block in ms'
  /Users/sutty/.rvm/rubies/ruby-2.3.3/lib/ruby/2.3.0/benchmark.rb:308:in `realtime'
  /Users/Sutty/.rvm/gems/ruby-2.3.3/gems/activesupport-4.2.10/lib/active_support/core_ext/benchmark.rb:12:in `ms'
  actionpack (4.2.10) lib/action_controller/metal/instrumentation.rb:44:in `block in render'
  actionpack (4.2.10) lib/action_controller/metal/instrumentation.rb:87:in `cleanup_view_runtime'
  activerecord (4.2.10) lib/active_record/railties/controller_runtime.rb:25:in `cleanup_view_runtime'
  actionpack (4.2.10) lib/action_controller/metal/instrumentation.rb:43:in `render'
  actionpack (4.2.10) lib/action_controller/metal/implicit_render.rb:10:in `default_render'
  actionpack (4.2.10) lib/action_controller/metal/implicit_render.rb:5:in `send_action'
  actionpack (4.2.10) lib/abstract_controller/base.rb:198:in `process_action'
  actionpack (4.2.10) lib/action_controller/metal/rendering.rb:10:in `process_action'
  actionpack (4.2.10) lib/abstract_controller/callbacks.rb:20:in `block in process_action'
  activesupport (4.2.10) lib/active_support/callbacks.rb:117:in `call'
  activesupport (4.2.10) lib/active_support/callbacks.rb:555:in `block (2 levels) in compile'
  activesupport (4.2.10) lib/active_support/callbacks.rb:505:in `call'
  activesupport (4.2.10) lib/active_support/callbacks.rb:92:in `__run_callbacks__'
  activesupport (4.2.10) lib/active_support/callbacks.rb:778:in `_run_process_action_callbacks'
  activesupport (4.2.10) lib/active_support/callbacks.rb:81:in `run_callbacks'
  actionpack (4.2.10) lib/abstract_controller/callbacks.rb:19:in `process_action'
  actionpack (4.2.10) lib/action_controller/metal/rescue.rb:29:in `process_action'
  actionpack (4.2.10) lib/action_controller/metal/instrumentation.rb:32:in `block in process_action'
  activesupport (4.2.10) lib/active_support/notifications.rb:164:in `block in instrument'
  activesupport (4.2.10) lib/active_support/notifications/instrumenter.rb:20:in `instrument'
  activesupport (4.2.10) lib/active_support/notifications.rb:164:in `instrument'
  actionpack (4.2.10) lib/action_controller/metal/instrumentation.rb:30:in `process_action'
  actionpack (4.2.10) lib/action_controller/metal/params_wrapper.rb:250:in `process_action'
  activerecord (4.2.10) lib/active_record/railties/controller_runtime.rb:18:in `process_action'
  actionpack (4.2.10) lib/abstract_controller/base.rb:137:in `process'
  actionview (4.2.10) lib/action_view/rendering.rb:30:in `process'
  actionpack (4.2.10) lib/action_controller/metal.rb:196:in `dispatch'
  actionpack (4.2.10) lib/action_controller/metal/rack_delegation.rb:13:in `dispatch'
  actionpack (4.2.10) lib/action_controller/metal.rb:237:in `block in action'
  actionpack (4.2.10) lib/action_dispatch/routing/route_set.rb:74:in `dispatch'
  actionpack (4.2.10) lib/action_dispatch/routing/route_set.rb:43:in `serve'
  actionpack (4.2.10) lib/action_dispatch/journey/router.rb:43:in `block in serve'
  actionpack (4.2.10) lib/action_dispatch/journey/router.rb:30:in `each'
  actionpack (4.2.10) lib/action_dispatch/journey/router.rb:30:in `serve'
  actionpack (4.2.10) lib/action_dispatch/routing/route_set.rb:817:in `call'
  rack (1.6.8) lib/rack/etag.rb:24:in `call'
  rack (1.6.8) lib/rack/conditionalget.rb:25:in `call'
  rack (1.6.8) lib/rack/head.rb:13:in `call'
  actionpack (4.2.10) lib/action_dispatch/middleware/params_parser.rb:27:in `call'
  actionpack (4.2.10) lib/action_dispatch/middleware/flash.rb:260:in `call'
  rack (1.6.8) lib/rack/session/abstract/id.rb:225:in `context'
  rack (1.6.8) lib/rack/session/abstract/id.rb:220:in `call'
  actionpack (4.2.10) lib/action_dispatch/middleware/cookies.rb:560:in `call'
  activerecord (4.2.10) lib/active_record/query_cache.rb:36:in `call'
  activerecord (4.2.10) lib/active_record/connection_adapters/abstract/connection_pool.rb:653:in `call'
  activerecord (4.2.10) lib/active_record/migration.rb:377:in `call'
  actionpack (4.2.10) lib/action_dispatch/middleware/callbacks.rb:29:in `block in call'
  activesupport (4.2.10) lib/active_support/callbacks.rb:88:in `__run_callbacks__'
  activesupport (4.2.10) lib/active_support/callbacks.rb:778:in `_run_call_callbacks'
  activesupport (4.2.10) lib/active_support/callbacks.rb:81:in `run_callbacks'
  actionpack (4.2.10) lib/action_dispatch/middleware/callbacks.rb:27:in `call'
  actionpack (4.2.10) lib/action_dispatch/middleware/reloader.rb:73:in `call'
  actionpack (4.2.10) lib/action_dispatch/middleware/remote_ip.rb:78:in `call'
  actionpack (4.2.10) lib/action_dispatch/middleware/debug_exceptions.rb:17:in `call'
  actionpack (4.2.10) lib/action_dispatch/middleware/show_exceptions.rb:30:in `call'
  railties (4.2.10) lib/rails/rack/logger.rb:38:in `call_app'
  railties (4.2.10) lib/rails/rack/logger.rb:20:in `block in call'
  activesupport (4.2.10) lib/active_support/tagged_logging.rb:68:in `block in tagged'
  activesupport (4.2.10) lib/active_support/tagged_logging.rb:26:in `tagged'
  activesupport (4.2.10) lib/active_support/tagged_logging.rb:68:in `tagged'
  railties (4.2.10) lib/rails/rack/logger.rb:20:in `call'
  actionpack (4.2.10) lib/action_dispatch/middleware/request_id.rb:21:in `call'
  rack (1.6.8) lib/rack/methodoverride.rb:22:in `call'
  rack (1.6.8) lib/rack/runtime.rb:18:in `call'
  activesupport (4.2.10) lib/active_support/cache/strategy/local_cache_middleware.rb:28:in `call'
  rack (1.6.8) lib/rack/lock.rb:17:in `call'
  actionpack (4.2.10) lib/action_dispatch/middleware/static.rb:120:in `call'
  rack (1.6.8) lib/rack/sendfile.rb:113:in `call'
  railties (4.2.10) lib/rails/engine.rb:518:in `call'
  railties (4.2.10) lib/rails/application.rb:165:in `call'
  rack (1.6.8) lib/rack/lock.rb:17:in `call'
  rack (1.6.8) lib/rack/content_length.rb:15:in `call'
  rack (1.6.8) lib/rack/handler/webrick.rb:88:in `service'
  /Users/sutty/.rvm/rubies/ruby-2.3.3/lib/ruby/2.3.0/webrick/httpserver.rb:140:in `service'
  /Users/sutty/.rvm/rubies/ruby-2.3.3/lib/ruby/2.3.0/webrick/httpserver.rb:96:in `run'
  /Users/sutty/.rvm/rubies/ruby-2.3.3/lib/ruby/2.3.0/webrick/server.rb:296:in `block in start_thread'




Started GET "/" for ::1 at 2018-12-17 10:22:51 +0000
  [1m[36mActiveRecord::SchemaMigration Load (0.5ms)[0m  [1mSELECT "schema_migrations".* FROM "schema_migrations"[0m
Processing by Rails::WelcomeController#index as HTML
  Rendered vendor/cache/ruby/2.3.0/gems/railties-4.2.10/lib/rails/templates/rails/welcome/index.html.erb (3.8ms)
Completed 200 OK in 35ms (Views: 23.7ms | ActiveRecord: 0.0ms)


Started GET "/" for ::1 at 2018-12-17 17:20:30 +0000
  [1m[36mActiveRecord::SchemaMigration Load (0.4ms)[0m  [1mSELECT "schema_migrations".* FROM "schema_migrations"[0m
Processing by Rails::WelcomeController#index as HTML
  Rendered vendor/cache/ruby/2.3.0/gems/railties-4.2.10/lib/rails/templates/rails/welcome/index.html.erb (2.4ms)
Completed 200 OK in 34ms (Views: 21.1ms | ActiveRecord: 0.0ms)


Started GET "/" for ::1 at 2018-12-17 17:26:06 +0000
  [1m[36mActiveRecord::SchemaMigration Load (0.4ms)[0m  [1mSELECT "schema_migrations".* FROM "schema_migrations"[0m
Processing by Rails::WelcomeController#index as HTML
  Rendered vendor/cache/ruby/2.3.0/gems/railties-4.2.10/lib/rails/templates/rails/welcome/index.html.erb (2.1ms)
Completed 200 OK in 34ms (Views: 21.4ms | ActiveRecord: 0.0ms)


Started GET "/students/2" for ::1 at 2018-12-17 17:26:26 +0000

ActionController::RoutingError (No route matches [GET] "/students/2"):
  vendor/cache/ruby/2.3.0/gems/actionpack-4.2.10/lib/action_dispatch/middleware/debug_exceptions.rb:21:in `call'
  vendor/cache/ruby/2.3.0/gems/actionpack-4.2.10/lib/action_dispatch/middleware/show_exceptions.rb:30:in `call'
  vendor/cache/ruby/2.3.0/gems/railties-4.2.10/lib/rails/rack/logger.rb:38:in `call_app'
  vendor/cache/ruby/2.3.0/gems/railties-4.2.10/lib/rails/rack/logger.rb:20:in `block in call'
  vendor/cache/ruby/2.3.0/gems/activesupport-4.2.10/lib/active_support/tagged_logging.rb:68:in `block in tagged'
  vendor/cache/ruby/2.3.0/gems/activesupport-4.2.10/lib/active_support/tagged_logging.rb:26:in `tagged'
  vendor/cache/ruby/2.3.0/gems/activesupport-4.2.10/lib/active_support/tagged_logging.rb:68:in `tagged'
  vendor/cache/ruby/2.3.0/gems/railties-4.2.10/lib/rails/rack/logger.rb:20:in `call'
  vendor/cache/ruby/2.3.0/gems/actionpack-4.2.10/lib/action_dispatch/middleware/request_id.rb:21:in `call'
  vendor/cache/ruby/2.3.0/gems/rack-1.6.8/lib/rack/methodoverride.rb:22:in `call'
  vendor/cache/ruby/2.3.0/gems/rack-1.6.8/lib/rack/runtime.rb:18:in `call'
  vendor/cache/ruby/2.3.0/gems/activesupport-4.2.10/lib/active_support/cache/strategy/local_cache_middleware.rb:28:in `call'
  vendor/cache/ruby/2.3.0/gems/rack-1.6.8/lib/rack/lock.rb:17:in `call'
  vendor/cache/ruby/2.3.0/gems/actionpack-4.2.10/lib/action_dispatch/middleware/static.rb:120:in `call'
  vendor/cache/ruby/2.3.0/gems/rack-1.6.8/lib/rack/sendfile.rb:113:in `call'
  vendor/cache/ruby/2.3.0/gems/railties-4.2.10/lib/rails/engine.rb:518:in `call'
  vendor/cache/ruby/2.3.0/gems/railties-4.2.10/lib/rails/application.rb:165:in `call'
  vendor/cache/ruby/2.3.0/gems/rack-1.6.8/lib/rack/lock.rb:17:in `call'
  vendor/cache/ruby/2.3.0/gems/rack-1.6.8/lib/rack/content_length.rb:15:in `call'
  vendor/cache/ruby/2.3.0/gems/rack-1.6.8/lib/rack/handler/webrick.rb:88:in `service'
  /Users/sutty/.rvm/rubies/ruby-2.3.3/lib/ruby/2.3.0/webrick/httpserver.rb:140:in `service'
  /Users/sutty/.rvm/rubies/ruby-2.3.3/lib/ruby/2.3.0/webrick/httpserver.rb:96:in `run'
  /Users/sutty/.rvm/rubies/ruby-2.3.3/lib/ruby/2.3.0/webrick/server.rb:296:in `block in start_thread'


  Rendered vendor/cache/ruby/2.3.0/gems/actionpack-4.2.10/lib/action_dispatch/middleware/templates/rescues/_trace.html.erb (1.8ms)
  Rendered vendor/cache/ruby/2.3.0/gems/actionpack-4.2.10/lib/action_dispatch/middleware/templates/routes/_route.html.erb (0.7ms)
  Rendered vendor/cache/ruby/2.3.0/gems/actionpack-4.2.10/lib/action_dispatch/middleware/templates/routes/_table.html.erb (13.9ms)
  Rendered vendor/cache/ruby/2.3.0/gems/actionpack-4.2.10/lib/action_dispatch/middleware/templates/rescues/_request_and_response.html.erb (1.1ms)
  Rendered vendor/cache/ruby/2.3.0/gems/actionpack-4.2.10/lib/action_dispatch/middleware/templates/rescues/routing_error.html.erb within rescues/layout (252.6ms)


Started GET "/students/" for ::1 at 2018-12-17 17:27:31 +0000
Processing by StudentsController#index as HTML
  [1m[35mStudent Load (1.3ms)[0m  SELECT "students".* FROM "students"
  Rendered students/index.html.erb within layouts/application (5.1ms)
Completed 200 OK in 635ms (Views: 629.8ms | ActiveRecord: 1.6ms)


Started GET "/assets/jquery_ujs.self-784a997f6726036b1993eb2217c9cb558e1cbb801c6da88105588c56f13b466a.js?body=1" for ::1 at 2018-12-17 17:27:32 +0000


Started GET "/assets/jquery.self-bd7ddd393353a8d2480a622e80342adf488fb6006d667e8b42e4c0073393abee.js?body=1" for ::1 at 2018-12-17 17:27:32 +0000


Started GET "/assets/turbolinks.self-2db6ec539b9190f75e1d477b305df53d12904d5cafdd47c7ffd91ba25cbec128.js?body=1" for ::1 at 2018-12-17 17:27:32 +0000


Started GET "/assets/application.self-3b8dabdc891efe46b9a144b400ad69e37d7e5876bdc39dee783419a69d7ca819.js?body=1" for ::1 at 2018-12-17 17:27:32 +0000


Started GET "/assets/application.self-e80e8f2318043e8af94dddc2adad5a4f09739a8ebb323b3ab31cd71d45fd9113.css?body=1" for ::1 at 2018-12-17 17:27:32 +0000


Started GET "/index" for ::1 at 2018-12-17 17:29:59 +0000

ActionController::RoutingError (No route matches [GET] "/index"):
  vendor/cache/ruby/2.3.0/gems/actionpack-4.2.10/lib/action_dispatch/middleware/debug_exceptions.rb:21:in `call'
  vendor/cache/ruby/2.3.0/gems/actionpack-4.2.10/lib/action_dispatch/middleware/show_exceptions.rb:30:in `call'
  vendor/cache/ruby/2.3.0/gems/railties-4.2.10/lib/rails/rack/logger.rb:38:in `call_app'
  vendor/cache/ruby/2.3.0/gems/railties-4.2.10/lib/rails/rack/logger.rb:20:in `block in call'
  vendor/cache/ruby/2.3.0/gems/activesupport-4.2.10/lib/active_support/tagged_logging.rb:68:in `block in tagged'
  vendor/cache/ruby/2.3.0/gems/activesupport-4.2.10/lib/active_support/tagged_logging.rb:26:in `tagged'
  vendor/cache/ruby/2.3.0/gems/activesupport-4.2.10/lib/active_support/tagged_logging.rb:68:in `tagged'
  vendor/cache/ruby/2.3.0/gems/railties-4.2.10/lib/rails/rack/logger.rb:20:in `call'
  vendor/cache/ruby/2.3.0/gems/actionpack-4.2.10/lib/action_dispatch/middleware/request_id.rb:21:in `call'
  vendor/cache/ruby/2.3.0/gems/rack-1.6.8/lib/rack/methodoverride.rb:22:in `call'
  vendor/cache/ruby/2.3.0/gems/rack-1.6.8/lib/rack/runtime.rb:18:in `call'
  vendor/cache/ruby/2.3.0/gems/activesupport-4.2.10/lib/active_support/cache/strategy/local_cache_middleware.rb:28:in `call'
  vendor/cache/ruby/2.3.0/gems/rack-1.6.8/lib/rack/lock.rb:17:in `call'
  vendor/cache/ruby/2.3.0/gems/actionpack-4.2.10/lib/action_dispatch/middleware/static.rb:120:in `call'
  vendor/cache/ruby/2.3.0/gems/rack-1.6.8/lib/rack/sendfile.rb:113:in `call'
  vendor/cache/ruby/2.3.0/gems/railties-4.2.10/lib/rails/engine.rb:518:in `call'
  vendor/cache/ruby/2.3.0/gems/railties-4.2.10/lib/rails/application.rb:165:in `call'
  vendor/cache/ruby/2.3.0/gems/rack-1.6.8/lib/rack/lock.rb:17:in `call'
  vendor/cache/ruby/2.3.0/gems/rack-1.6.8/lib/rack/content_length.rb:15:in `call'
  vendor/cache/ruby/2.3.0/gems/rack-1.6.8/lib/rack/handler/webrick.rb:88:in `service'
  /Users/sutty/.rvm/rubies/ruby-2.3.3/lib/ruby/2.3.0/webrick/httpserver.rb:140:in `service'
  /Users/sutty/.rvm/rubies/ruby-2.3.3/lib/ruby/2.3.0/webrick/httpserver.rb:96:in `run'
  /Users/sutty/.rvm/rubies/ruby-2.3.3/lib/ruby/2.3.0/webrick/server.rb:296:in `block in start_thread'


  Rendered vendor/cache/ruby/2.3.0/gems/actionpack-4.2.10/lib/action_dispatch/middleware/templates/rescues/_trace.html.erb (2.6ms)
  Rendered vendor/cache/ruby/2.3.0/gems/actionpack-4.2.10/lib/action_dispatch/middleware/templates/routes/_route.html.erb (1.0ms)
  Rendered vendor/cache/ruby/2.3.0/gems/actionpack-4.2.10/lib/action_dispatch/middleware/templates/routes/_table.html.erb (1.3ms)
  Rendered vendor/cache/ruby/2.3.0/gems/actionpack-4.2.10/lib/action_dispatch/middleware/templates/rescues/_request_and_response.html.erb (1.4ms)
  Rendered vendor/cache/ruby/2.3.0/gems/actionpack-4.2.10/lib/action_dispatch/middleware/templates/rescues/routing_error.html.erb within rescues/layout (184.8ms)


Started GET "/students" for ::1 at 2018-12-17 17:32:59 +0000
Processing by StudentsController#index as HTML
  [1m[36mStudent Load (0.2ms)[0m  [1mSELECT "students".* FROM "students"[0m
  Rendered students/index.html.erb within layouts/application (0.8ms)
Completed 200 OK in 36ms (Views: 35.3ms | ActiveRecord: 0.2ms)


Started GET "/index" for ::1 at 2018-12-17 17:34:26 +0000

ActionController::RoutingError (No route matches [GET] "/index"):
  vendor/cache/ruby/2.3.0/gems/actionpack-4.2.10/lib/action_dispatch/middleware/debug_exceptions.rb:21:in `call'
  vendor/cache/ruby/2.3.0/gems/actionpack-4.2.10/lib/action_dispatch/middleware/show_exceptions.rb:30:in `call'
  vendor/cache/ruby/2.3.0/gems/railties-4.2.10/lib/rails/rack/logger.rb:38:in `call_app'
  vendor/cache/ruby/2.3.0/gems/railties-4.2.10/lib/rails/rack/logger.rb:20:in `block in call'
  vendor/cache/ruby/2.3.0/gems/activesupport-4.2.10/lib/active_support/tagged_logging.rb:68:in `block in tagged'
  vendor/cache/ruby/2.3.0/gems/activesupport-4.2.10/lib/active_support/tagged_logging.rb:26:in `tagged'
  vendor/cache/ruby/2.3.0/gems/activesupport-4.2.10/lib/active_support/tagged_logging.rb:68:in `tagged'
  vendor/cache/ruby/2.3.0/gems/railties-4.2.10/lib/rails/rack/logger.rb:20:in `call'
  vendor/cache/ruby/2.3.0/gems/actionpack-4.2.10/lib/action_dispatch/middleware/request_id.rb:21:in `call'
  vendor/cache/ruby/2.3.0/gems/rack-1.6.8/lib/rack/methodoverride.rb:22:in `call'
  vendor/cache/ruby/2.3.0/gems/rack-1.6.8/lib/rack/runtime.rb:18:in `call'
  vendor/cache/ruby/2.3.0/gems/activesupport-4.2.10/lib/active_support/cache/strategy/local_cache_middleware.rb:28:in `call'
  vendor/cache/ruby/2.3.0/gems/rack-1.6.8/lib/rack/lock.rb:17:in `call'
  vendor/cache/ruby/2.3.0/gems/actionpack-4.2.10/lib/action_dispatch/middleware/static.rb:120:in `call'
  vendor/cache/ruby/2.3.0/gems/rack-1.6.8/lib/rack/sendfile.rb:113:in `call'
  vendor/cache/ruby/2.3.0/gems/railties-4.2.10/lib/rails/engine.rb:518:in `call'
  vendor/cache/ruby/2.3.0/gems/railties-4.2.10/lib/rails/application.rb:165:in `call'
  vendor/cache/ruby/2.3.0/gems/rack-1.6.8/lib/rack/lock.rb:17:in `call'
  vendor/cache/ruby/2.3.0/gems/rack-1.6.8/lib/rack/content_length.rb:15:in `call'
  vendor/cache/ruby/2.3.0/gems/rack-1.6.8/lib/rack/handler/webrick.rb:88:in `service'
  /Users/sutty/.rvm/rubies/ruby-2.3.3/lib/ruby/2.3.0/webrick/httpserver.rb:140:in `service'
  /Users/sutty/.rvm/rubies/ruby-2.3.3/lib/ruby/2.3.0/webrick/httpserver.rb:96:in `run'
  /Users/sutty/.rvm/rubies/ruby-2.3.3/lib/ruby/2.3.0/webrick/server.rb:296:in `block in start_thread'


  Rendered vendor/cache/ruby/2.3.0/gems/actionpack-4.2.10/lib/action_dispatch/middleware/templates/rescues/_trace.html.erb (1.4ms)
  Rendered vendor/cache/ruby/2.3.0/gems/actionpack-4.2.10/lib/action_dispatch/middleware/templates/routes/_route.html.erb (0.6ms)
  Rendered vendor/cache/ruby/2.3.0/gems/actionpack-4.2.10/lib/action_dispatch/middleware/templates/routes/_table.html.erb (1.2ms)
  Rendered vendor/cache/ruby/2.3.0/gems/actionpack-4.2.10/lib/action_dispatch/middleware/templates/rescues/_request_and_response.html.erb (1.1ms)
  Rendered vendor/cache/ruby/2.3.0/gems/actionpack-4.2.10/lib/action_dispatch/middleware/templates/rescues/routing_error.html.erb within rescues/layout (241.3ms)


Started GET "/students" for ::1 at 2018-12-17 17:34:30 +0000
Processing by StudentsController#index as HTML
  [1m[35mStudent Load (1.0ms)[0m  SELECT "students".* FROM "students"
  Rendered students/index.html.erb within layouts/application (2.3ms)
Completed 200 OK in 81ms (Views: 76.0ms | ActiveRecord: 1.0ms)


Started GET "/students" for ::1 at 2018-12-17 17:40:42 +0000
Processing by StudentsController#index as HTML
  [1m[36mStudent Load (0.2ms)[0m  [1mSELECT "students".* FROM "students"[0m
  Rendered students/index.html.erb within layouts/application (0.9ms)
Completed 200 OK in 24ms (Views: 23.3ms | ActiveRecord: 0.2ms)


Started GET "/students" for ::1 at 2018-12-17 17:44:19 +0000
Processing by StudentsController#index as HTML
  [1m[35mStudent Load (0.1ms)[0m  SELECT "students".* FROM "students"
  Rendered students/index.html.erb within layouts/application (0.8ms)
Completed 200 OK in 28ms (Views: 27.2ms | ActiveRecord: 0.1ms)
  [1m[36mActiveRecord::SchemaMigration Load (0.1ms)[0m  [1mSELECT "schema_migrations".* FROM "schema_migrations"[0m
  [1m[36mActiveRecord::SchemaMigration Load (0.1ms)[0m  [1mSELECT "schema_migrations".* FROM "schema_migrations"[0m
  [1m[35m (0.0ms)[0m  begin transaction
  [1m[36mSQL (0.6ms)[0m  [1mINSERT INTO "students" ("first_name", "last_name", "created_at", "updated_at") VALUES (?, ?, ?, ?)[0m  [["first_name", "Kev"], ["last_name", "Sutton"], ["created_at", "2018-12-17 17:45:27.734163"], ["updated_at", "2018-12-17 17:45:27.734163"]]
  [1m[35m (1.0ms)[0m  commit transaction
  [1m[36m (0.0ms)[0m  [1mbegin transaction[0m
  [1m[35mSQL (0.4ms)[0m  INSERT INTO "students" ("first_name", "last_name", "created_at", "updated_at") VALUES (?, ?, ?, ?)  [["first_name", "Billy"], ["last_name", "Bob"], ["created_at", "2018-12-17 17:45:27.737690"], ["updated_at", "2018-12-17 17:45:27.737690"]]
  [1m[36m (0.8ms)[0m  [1mcommit transaction[0m


Started GET "/students" for ::1 at 2018-12-17 17:45:41 +0000
  [1m[36mActiveRecord::SchemaMigration Load (0.2ms)[0m  [1mSELECT "schema_migrations".* FROM "schema_migrations"[0m
Processing by StudentsController#index as HTML
  [1m[35mStudent Load (0.1ms)[0m  SELECT "students".* FROM "students"
  Rendered students/index.html.erb within layouts/application (12.5ms)
Completed 200 OK in 365ms (Views: 346.5ms | ActiveRecord: 0.4ms)


Started GET "/students/1" for ::1 at 2018-12-17 18:09:50 +0000
  [1m[36mActiveRecord::SchemaMigration Load (0.1ms)[0m  [1mSELECT "schema_migrations".* FROM "schema_migrations"[0m
Processing by StudentsController#show as HTML
  Parameters: {"id"=>"1"}
  [1m[35mStudent Load (0.2ms)[0m  SELECT  "students".* FROM "students" WHERE "students"."id" = ? LIMIT 1  [["id", 1]]
  Rendered students/show.html.erb within layouts/application (29.4ms)
Completed 500 Internal Server Error in 119ms (ActiveRecord: 2.0ms)

ActionView::Template::Error (undefined local variable or method `student' for #<#<Class:0x007fa876942b60>:0x007fa8755b0098>):
    1: <h1><%= student.first_name + " " + student.last_name %></h1>
  app/views/students/show.html.erb:1:in `_app_views_students_show_html_erb__4177233905507281303_70180749839600'


  Rendered vendor/cache/ruby/2.3.0/gems/actionpack-4.2.10/lib/action_dispatch/middleware/templates/rescues/_source.erb (5.2ms)
  Rendered vendor/cache/ruby/2.3.0/gems/actionpack-4.2.10/lib/action_dispatch/middleware/templates/rescues/_trace.html.erb (2.8ms)
  Rendered vendor/cache/ruby/2.3.0/gems/actionpack-4.2.10/lib/action_dispatch/middleware/templates/rescues/_request_and_response.html.erb (0.9ms)
  Rendered vendor/cache/ruby/2.3.0/gems/actionpack-4.2.10/lib/action_dispatch/middleware/templates/rescues/template_error.html.erb within rescues/layout (157.2ms)


Started GET "/students/2" for ::1 at 2018-12-17 18:10:00 +0000
Processing by StudentsController#show as HTML
  Parameters: {"id"=>"2"}
  [1m[36mStudent Load (0.2ms)[0m  [1mSELECT  "students".* FROM "students" WHERE "students"."id" = ? LIMIT 1[0m  [["id", 2]]
  Rendered students/show.html.erb within layouts/application (21.0ms)
Completed 500 Internal Server Error in 34ms (ActiveRecord: 0.2ms)

ActionView::Template::Error (undefined local variable or method `student' for #<#<Class:0x007fa876942b60>:0x007fa8763b4658>):
    1: <h1><%= student.first_name + " " + student.last_name %></h1>
  app/views/students/show.html.erb:1:in `_app_views_students_show_html_erb__4177233905507281303_70180749839600'


  Rendered vendor/cache/ruby/2.3.0/gems/actionpack-4.2.10/lib/action_dispatch/middleware/templates/rescues/_source.erb (5.9ms)
  Rendered vendor/cache/ruby/2.3.0/gems/actionpack-4.2.10/lib/action_dispatch/middleware/templates/rescues/_trace.html.erb (3.1ms)
  Rendered vendor/cache/ruby/2.3.0/gems/actionpack-4.2.10/lib/action_dispatch/middleware/templates/rescues/_request_and_response.html.erb (1.3ms)
  Rendered vendor/cache/ruby/2.3.0/gems/actionpack-4.2.10/lib/action_dispatch/middleware/templates/rescues/template_error.html.erb within rescues/layout (146.3ms)


Started GET "/student/2" for ::1 at 2018-12-17 18:10:12 +0000

ActionController::RoutingError (No route matches [GET] "/student/2"):
  vendor/cache/ruby/2.3.0/gems/actionpack-4.2.10/lib/action_dispatch/middleware/debug_exceptions.rb:21:in `call'
  vendor/cache/ruby/2.3.0/gems/actionpack-4.2.10/lib/action_dispatch/middleware/show_exceptions.rb:30:in `call'
  vendor/cache/ruby/2.3.0/gems/railties-4.2.10/lib/rails/rack/logger.rb:38:in `call_app'
  vendor/cache/ruby/2.3.0/gems/railties-4.2.10/lib/rails/rack/logger.rb:20:in `block in call'
  vendor/cache/ruby/2.3.0/gems/activesupport-4.2.10/lib/active_support/tagged_logging.rb:68:in `block in tagged'
  vendor/cache/ruby/2.3.0/gems/activesupport-4.2.10/lib/active_support/tagged_logging.rb:26:in `tagged'
  vendor/cache/ruby/2.3.0/gems/activesupport-4.2.10/lib/active_support/tagged_logging.rb:68:in `tagged'
  vendor/cache/ruby/2.3.0/gems/railties-4.2.10/lib/rails/rack/logger.rb:20:in `call'
  vendor/cache/ruby/2.3.0/gems/actionpack-4.2.10/lib/action_dispatch/middleware/request_id.rb:21:in `call'
  vendor/cache/ruby/2.3.0/gems/rack-1.6.8/lib/rack/methodoverride.rb:22:in `call'
  vendor/cache/ruby/2.3.0/gems/rack-1.6.8/lib/rack/runtime.rb:18:in `call'
  vendor/cache/ruby/2.3.0/gems/activesupport-4.2.10/lib/active_support/cache/strategy/local_cache_middleware.rb:28:in `call'
  vendor/cache/ruby/2.3.0/gems/rack-1.6.8/lib/rack/lock.rb:17:in `call'
  vendor/cache/ruby/2.3.0/gems/actionpack-4.2.10/lib/action_dispatch/middleware/static.rb:120:in `call'
  vendor/cache/ruby/2.3.0/gems/rack-1.6.8/lib/rack/sendfile.rb:113:in `call'
  vendor/cache/ruby/2.3.0/gems/railties-4.2.10/lib/rails/engine.rb:518:in `call'
  vendor/cache/ruby/2.3.0/gems/railties-4.2.10/lib/rails/application.rb:165:in `call'
  vendor/cache/ruby/2.3.0/gems/rack-1.6.8/lib/rack/lock.rb:17:in `call'
  vendor/cache/ruby/2.3.0/gems/rack-1.6.8/lib/rack/content_length.rb:15:in `call'
  vendor/cache/ruby/2.3.0/gems/rack-1.6.8/lib/rack/handler/webrick.rb:88:in `service'
  /Users/sutty/.rvm/rubies/ruby-2.3.3/lib/ruby/2.3.0/webrick/httpserver.rb:140:in `service'
  /Users/sutty/.rvm/rubies/ruby-2.3.3/lib/ruby/2.3.0/webrick/httpserver.rb:96:in `run'
  /Users/sutty/.rvm/rubies/ruby-2.3.3/lib/ruby/2.3.0/webrick/server.rb:296:in `block in start_thread'


  Rendered vendor/cache/ruby/2.3.0/gems/actionpack-4.2.10/lib/action_dispatch/middleware/templates/rescues/_trace.html.erb (1.1ms)
  Rendered vendor/cache/ruby/2.3.0/gems/actionpack-4.2.10/lib/action_dispatch/middleware/templates/routes/_route.html.erb (0.9ms)
  Rendered vendor/cache/ruby/2.3.0/gems/actionpack-4.2.10/lib/action_dispatch/middleware/templates/routes/_table.html.erb (19.2ms)
  Rendered vendor/cache/ruby/2.3.0/gems/actionpack-4.2.10/lib/action_dispatch/middleware/templates/rescues/_request_and_response.html.erb (1.0ms)
  Rendered vendor/cache/ruby/2.3.0/gems/actionpack-4.2.10/lib/action_dispatch/middleware/templates/rescues/routing_error.html.erb within rescues/layout (216.7ms)


Started GET "/student/1" for ::1 at 2018-12-17 18:10:18 +0000

ActionController::RoutingError (No route matches [GET] "/student/1"):
  vendor/cache/ruby/2.3.0/gems/actionpack-4.2.10/lib/action_dispatch/middleware/debug_exceptions.rb:21:in `call'
  vendor/cache/ruby/2.3.0/gems/actionpack-4.2.10/lib/action_dispatch/middleware/show_exceptions.rb:30:in `call'
  vendor/cache/ruby/2.3.0/gems/railties-4.2.10/lib/rails/rack/logger.rb:38:in `call_app'
  vendor/cache/ruby/2.3.0/gems/railties-4.2.10/lib/rails/rack/logger.rb:20:in `block in call'
  vendor/cache/ruby/2.3.0/gems/activesupport-4.2.10/lib/active_support/tagged_logging.rb:68:in `block in tagged'
  vendor/cache/ruby/2.3.0/gems/activesupport-4.2.10/lib/active_support/tagged_logging.rb:26:in `tagged'
  vendor/cache/ruby/2.3.0/gems/activesupport-4.2.10/lib/active_support/tagged_logging.rb:68:in `tagged'
  vendor/cache/ruby/2.3.0/gems/railties-4.2.10/lib/rails/rack/logger.rb:20:in `call'
  vendor/cache/ruby/2.3.0/gems/actionpack-4.2.10/lib/action_dispatch/middleware/request_id.rb:21:in `call'
  vendor/cache/ruby/2.3.0/gems/rack-1.6.8/lib/rack/methodoverride.rb:22:in `call'
  vendor/cache/ruby/2.3.0/gems/rack-1.6.8/lib/rack/runtime.rb:18:in `call'
  vendor/cache/ruby/2.3.0/gems/activesupport-4.2.10/lib/active_support/cache/strategy/local_cache_middleware.rb:28:in `call'
  vendor/cache/ruby/2.3.0/gems/rack-1.6.8/lib/rack/lock.rb:17:in `call'
  vendor/cache/ruby/2.3.0/gems/actionpack-4.2.10/lib/action_dispatch/middleware/static.rb:120:in `call'
  vendor/cache/ruby/2.3.0/gems/rack-1.6.8/lib/rack/sendfile.rb:113:in `call'
  vendor/cache/ruby/2.3.0/gems/railties-4.2.10/lib/rails/engine.rb:518:in `call'
  vendor/cache/ruby/2.3.0/gems/railties-4.2.10/lib/rails/application.rb:165:in `call'
  vendor/cache/ruby/2.3.0/gems/rack-1.6.8/lib/rack/lock.rb:17:in `call'
  vendor/cache/ruby/2.3.0/gems/rack-1.6.8/lib/rack/content_length.rb:15:in `call'
  vendor/cache/ruby/2.3.0/gems/rack-1.6.8/lib/rack/handler/webrick.rb:88:in `service'
  /Users/sutty/.rvm/rubies/ruby-2.3.3/lib/ruby/2.3.0/webrick/httpserver.rb:140:in `service'
  /Users/sutty/.rvm/rubies/ruby-2.3.3/lib/ruby/2.3.0/webrick/httpserver.rb:96:in `run'
  /Users/sutty/.rvm/rubies/ruby-2.3.3/lib/ruby/2.3.0/webrick/server.rb:296:in `block in start_thread'


  Rendered vendor/cache/ruby/2.3.0/gems/actionpack-4.2.10/lib/action_dispatch/middleware/templates/rescues/_trace.html.erb (1.2ms)
  Rendered vendor/cache/ruby/2.3.0/gems/actionpack-4.2.10/lib/action_dispatch/middleware/templates/routes/_route.html.erb (1.8ms)
  Rendered vendor/cache/ruby/2.3.0/gems/actionpack-4.2.10/lib/action_dispatch/middleware/templates/routes/_table.html.erb (1.1ms)
  Rendered vendor/cache/ruby/2.3.0/gems/actionpack-4.2.10/lib/action_dispatch/middleware/templates/rescues/_request_and_response.html.erb (1.1ms)
  Rendered vendor/cache/ruby/2.3.0/gems/actionpack-4.2.10/lib/action_dispatch/middleware/templates/rescues/routing_error.html.erb within rescues/layout (197.8ms)


Started GET "/student/1" for ::1 at 2018-12-17 18:10:45 +0000

ActionController::RoutingError (No route matches [GET] "/student/1"):
  vendor/cache/ruby/2.3.0/gems/actionpack-4.2.10/lib/action_dispatch/middleware/debug_exceptions.rb:21:in `call'
  vendor/cache/ruby/2.3.0/gems/actionpack-4.2.10/lib/action_dispatch/middleware/show_exceptions.rb:30:in `call'
  vendor/cache/ruby/2.3.0/gems/railties-4.2.10/lib/rails/rack/logger.rb:38:in `call_app'
  vendor/cache/ruby/2.3.0/gems/railties-4.2.10/lib/rails/rack/logger.rb:20:in `block in call'
  vendor/cache/ruby/2.3.0/gems/activesupport-4.2.10/lib/active_support/tagged_logging.rb:68:in `block in tagged'
  vendor/cache/ruby/2.3.0/gems/activesupport-4.2.10/lib/active_support/tagged_logging.rb:26:in `tagged'
  vendor/cache/ruby/2.3.0/gems/activesupport-4.2.10/lib/active_support/tagged_logging.rb:68:in `tagged'
  vendor/cache/ruby/2.3.0/gems/railties-4.2.10/lib/rails/rack/logger.rb:20:in `call'
  vendor/cache/ruby/2.3.0/gems/actionpack-4.2.10/lib/action_dispatch/middleware/request_id.rb:21:in `call'
  vendor/cache/ruby/2.3.0/gems/rack-1.6.8/lib/rack/methodoverride.rb:22:in `call'
  vendor/cache/ruby/2.3.0/gems/rack-1.6.8/lib/rack/runtime.rb:18:in `call'
  vendor/cache/ruby/2.3.0/gems/activesupport-4.2.10/lib/active_support/cache/strategy/local_cache_middleware.rb:28:in `call'
  vendor/cache/ruby/2.3.0/gems/rack-1.6.8/lib/rack/lock.rb:17:in `call'
  vendor/cache/ruby/2.3.0/gems/actionpack-4.2.10/lib/action_dispatch/middleware/static.rb:120:in `call'
  vendor/cache/ruby/2.3.0/gems/rack-1.6.8/lib/rack/sendfile.rb:113:in `call'
  vendor/cache/ruby/2.3.0/gems/railties-4.2.10/lib/rails/engine.rb:518:in `call'
  vendor/cache/ruby/2.3.0/gems/railties-4.2.10/lib/rails/application.rb:165:in `call'
  vendor/cache/ruby/2.3.0/gems/rack-1.6.8/lib/rack/lock.rb:17:in `call'
  vendor/cache/ruby/2.3.0/gems/rack-1.6.8/lib/rack/content_length.rb:15:in `call'
  vendor/cache/ruby/2.3.0/gems/rack-1.6.8/lib/rack/handler/webrick.rb:88:in `service'
  /Users/sutty/.rvm/rubies/ruby-2.3.3/lib/ruby/2.3.0/webrick/httpserver.rb:140:in `service'
  /Users/sutty/.rvm/rubies/ruby-2.3.3/lib/ruby/2.3.0/webrick/httpserver.rb:96:in `run'
  /Users/sutty/.rvm/rubies/ruby-2.3.3/lib/ruby/2.3.0/webrick/server.rb:296:in `block in start_thread'


  Rendered vendor/cache/ruby/2.3.0/gems/actionpack-4.2.10/lib/action_dispatch/middleware/templates/rescues/_trace.html.erb (1.3ms)
  Rendered vendor/cache/ruby/2.3.0/gems/actionpack-4.2.10/lib/action_dispatch/middleware/templates/routes/_route.html.erb (1.5ms)
  Rendered vendor/cache/ruby/2.3.0/gems/actionpack-4.2.10/lib/action_dispatch/middleware/templates/routes/_table.html.erb (1.5ms)
  Rendered vendor/cache/ruby/2.3.0/gems/actionpack-4.2.10/lib/action_dispatch/middleware/templates/rescues/_request_and_response.html.erb (1.3ms)
  Rendered vendor/cache/ruby/2.3.0/gems/actionpack-4.2.10/lib/action_dispatch/middleware/templates/rescues/routing_error.html.erb within rescues/layout (196.3ms)


Started GET "/students/1" for ::1 at 2018-12-17 18:13:55 +0000
Processing by StudentsController#show as HTML
  Parameters: {"id"=>"1"}
  [1m[35mStudent Load (0.2ms)[0m  SELECT  "students".* FROM "students" WHERE "students"."id" = ? LIMIT 1  [["id", 1]]
  Rendered students/show.html.erb within layouts/application (0.5ms)
Completed 200 OK in 314ms (Views: 300.4ms | ActiveRecord: 0.7ms)
